0 info it worked if it ends with ok
1 verbose cli [ '/Users/Bariotis/.nvm/versions/node/v4.4.2/bin/node',
1 verbose cli   '/Users/Bariotis/.nvm/versions/node/v4.4.2/bin/npm',
1 verbose cli   'start' ]
2 info using npm@3.8.5
3 info using node@v4.4.2
4 verbose run-script [ 'prestart', 'start', 'poststart' ]
5 info lifecycle trackpod@1.0.0~prestart: trackpod@1.0.0
6 silly lifecycle trackpod@1.0.0~prestart: no script for prestart, continuing
7 info lifecycle trackpod@1.0.0~start: trackpod@1.0.0
8 verbose lifecycle trackpod@1.0.0~start: unsafe-perm in lifecycle true
9 verbose lifecycle trackpod@1.0.0~start: PATH: /Users/Bariotis/.nvm/versions/node/v4.4.2/lib/node_modules/npm/bin/node-gyp-bin:/Users/Bariotis/www/trackpod/node_modules/.bin:/Users/Bariotis/.nvm/versions/node/v4.4.2/bin:/Users/Bariotis/.nvm/versions/node/v4.4.2/bin:/Users/Bariotis/.rbenv/shims:/usr/local/bin:/usr/bin:/bin:/usr/sbin:/sbin:/usr/local/bin:/usr/bin:/bin:/usr/sbin:/sbin:/usr/local/sbin:/Users/Bariotis/.composer/vendor/bin:/Users/Bariotis/.rvm/bin
10 verbose lifecycle trackpod@1.0.0~start: CWD: /Users/Bariotis/www/trackpod
11 silly lifecycle trackpod@1.0.0~start: Args: [ '-c', 'node cluster' ]
12 silly lifecycle trackpod@1.0.0~start: Returned: code: 1  signal: null
13 info lifecycle trackpod@1.0.0~start: Failed to exec start script
14 verbose stack Error: trackpod@1.0.0 start: `node cluster`
14 verbose stack Exit status 1
14 verbose stack     at EventEmitter.<anonymous> (/Users/Bariotis/.nvm/versions/node/v4.4.2/lib/node_modules/npm/lib/utils/lifecycle.js:239:16)
14 verbose stack     at emitTwo (events.js:87:13)
14 verbose stack     at EventEmitter.emit (events.js:172:7)
14 verbose stack     at ChildProcess.<anonymous> (/Users/Bariotis/.nvm/versions/node/v4.4.2/lib/node_modules/npm/lib/utils/spawn.js:24:14)
14 verbose stack     at emitTwo (events.js:87:13)
14 verbose stack     at ChildProcess.emit (events.js:172:7)
14 verbose stack     at maybeClose (internal/child_process.js:827:16)
14 verbose stack     at Process.ChildProcess._handle.onexit (internal/child_process.js:211:5)
15 verbose pkgid trackpod@1.0.0
16 verbose cwd /Users/Bariotis/www/trackpod
17 error Darwin 15.5.0
18 error argv "/Users/Bariotis/.nvm/versions/node/v4.4.2/bin/node" "/Users/Bariotis/.nvm/versions/node/v4.4.2/bin/npm" "start"
19 error node v4.4.2
20 error npm  v3.8.5
21 error code ELIFECYCLE
22 error trackpod@1.0.0 start: `node cluster`
22 error Exit status 1
23 error Failed at the trackpod@1.0.0 start script 'node cluster'.
23 error Make sure you have the latest version of node.js and npm installed.
23 error If you do, this is most likely a problem with the trackpod package,
23 error not with npm itself.
23 error Tell the author that this fails on your system:
23 error     node cluster
23 error You can get information on how to open an issue for this project with:
23 error     npm bugs trackpod
23 error Or if that isn't available, you can get their info via:
23 error     npm owner ls trackpod
23 error There is likely additional logging output above.
24 verbose exit [ 1, true ]
